Drill report for tuner time.kicad_pcb
Created on 2025-03-13T15:22:02-0400

Copper Layer Stackup:
    =============================================================
    L1 :  F.Cu                      front
    L2 :  In1.Cu                    in1
    L3 :  In2.Cu                    in2
    L4 :  B.Cu                      back


Drill file 'tuner time-PTH.drl' contains
    plated through holes:
    =============================================================
    T1  0.025mm  0.0010"  (2 holes)
    T2  0.200mm  0.0079"  (41 holes)
    T3  0.200mm  0.0079"  (5 holes)
    T4  0.300mm  0.0118"  (2 holes)
    T5  0.500mm  0.0197"  (1 hole)
    T6  0.500mm  0.0197"  (13 holes)
    T7  0.800mm  0.0315"  (26 holes)
    T8  1.000mm  0.0394"  (35 holes)
    T9  1.050mm  0.0413"  (2 holes)
    T10  2.200mm  0.0866"  (2 holes)

    Total plated holes count 129


Drill file 'tuner time-NPTH.drl' contains
    unplated through holes:
    =============================================================
    T1  0.610mm  0.0240"  (4 holes)
    T2  0.900mm  0.0354"  (2 holes)

    Total unplated holes count 6
